Using pre-set license
Built from '2021.3/china_unity/release' branch; Version is '2021.3.23f1c1 (b82b1f861975) revision 12069663'; Using compiler version '192829333'; Build Type 'Release'
OS: 'Windows 11  (10.0.22631) 64bit CoreCountrySpecific' Language: 'zh' Physical Memory: 16002 MB
BatchMode: 1, IsHumanControllingUs: 0, StartBugReporterOnCrash: 0, Is64bit: 1, IsPro: 1

COMMAND LINE ARGUMENTS:
C:\Program Files\Unity\Hub\Editor\2021.3.23f1c1\Editor\Unity.exe
-adb2
-batchMode
-noUpm
-name
AssetImportWorker1
-projectPath
C:/Users/Chris/unity/My project
-logFile
Logs/AssetImportWorker1.log
-srvPort
62518
Successfully changed project path to: C:/Users/Chris/unity/My project
C:/Users/Chris/unity/My project
[UnityMemory] Configuration Parameters - Can be set up in boot.config
    "memorysetup-bucket-allocator-granularity=16"
    "memorysetup-bucket-allocator-bucket-count=8"
    "memorysetup-bucket-allocator-block-size=33554432"
    "memorysetup-bucket-allocator-block-count=8"
    "memorysetup-main-allocator-block-size=16777216"
    "memorysetup-thread-allocator-block-size=16777216"
    "memorysetup-gfx-main-allocator-block-size=16777216"
    "memorysetup-gfx-thread-allocator-block-size=16777216"
    "memorysetup-cache-allocator-block-size=4194304"
    "memorysetup-typetree-allocator-block-size=2097152"
    "memorysetup-profiler-bucket-allocator-granularity=16"
    "memorysetup-profiler-bucket-allocator-bucket-count=8"
    "memorysetup-profiler-bucket-allocator-block-size=33554432"
    "memorysetup-profiler-bucket-allocator-block-count=8"
    "memorysetup-profiler-allocator-block-size=16777216"
    "memorysetup-profiler-editor-allocator-block-size=1048576"
    "memorysetup-temp-allocator-size-main=16777216"
    "memorysetup-job-temp-allocator-block-size=2097152"
    "memorysetup-job-temp-allocator-block-size-background=1048576"
    "memorysetup-job-temp-allocator-reduction-small-platforms=262144"
    "memorysetup-temp-allocator-size-background-worker=32768"
    "memorysetup-temp-allocator-size-job-worker=262144"
    "memorysetup-temp-allocator-size-preload-manager=33554432"
    "memorysetup-temp-allocator-size-nav-mesh-worker=65536"
    "memorysetup-temp-allocator-size-audio-worker=65536"
    "memorysetup-temp-allocator-size-cloud-worker=32768"
    "memorysetup-temp-allocator-size-gi-baking-worker=262144"
    "memorysetup-temp-allocator-size-gfx=262144"
Player connection [19904] Host "[IP] 172.24.6.75 [Port] 0 [Flags] 2 [Guid] 1927948273 [EditorId] 1927948273 [Version] 1048832 [Id] WindowsEditor(7,LAPTOP-QO65PSHO) [Debug] 1 [PackageName] WindowsEditor [ProjectName] Editor" joined multi-casting on [225.0.0.222:54997]...

Player connection [19904] Host "[IP] 172.24.6.75 [Port] 0 [Flags] 2 [Guid] 1927948273 [EditorId] 1927948273 [Version] 1048832 [Id] WindowsEditor(7,LAPTOP-QO65PSHO) [Debug] 1 [PackageName] WindowsEditor [ProjectName] Editor" joined alternative multi-casting on [225.0.0.222:34997]...

AS: AutoStreaming module initializing.
Refreshing native plugins compatible for Editor in 66.81 ms, found 3 plugins.
Preloading 0 native plugins for Editor in 0.00 ms.
Initialize engine version: 2021.3.23f1c1 (b82b1f861975)
[Subsystems] Discovering subsystems at path C:/Program Files/Unity/Hub/Editor/2021.3.23f1c1/Editor/Data/Resources/UnitySubsystems
[Subsystems] Discovering subsystems at path C:/Users/Chris/unity/My project/Assets
GfxDevice: creating device client; threaded=0; jobified=0
Direct3D:
    Version:  Direct3D 11.0 [level 11.1]
    Renderer: NVIDIA GeForce RTX 4060 Laptop GPU (ID=0x28e0)
    Vendor:   NVIDIA
    VRAM:     7972 MB
    Driver:   31.0.15.4624
Initialize mono
Mono path[0] = 'C:/Program Files/Unity/Hub/Editor/2021.3.23f1c1/Editor/Data/Managed'
Mono path[1] = 'C:/Program Files/Unity/Hub/Editor/2021.3.23f1c1/Editor/Data/MonoBleedingEdge/lib/mono/unityjit-win32'
Mono config path = 'C:/Program Files/Unity/Hub/Editor/2021.3.23f1c1/Editor/Data/MonoBleedingEdge/etc'
Using monoOptions --debugger-agent=transport=dt_socket,embedding=1,server=y,suspend=n,address=127.0.0.1:56416
Begin MonoManager ReloadAssembly
Registering precompiled unity dll's ...
Register platform support module: C:/Program Files/Unity/Hub/Editor/2021.3.23f1c1/Editor/Data/PlaybackEngines/WebGLSupport/UnityEditor.WebGL.Extensions.dll
Register platform support module: C:/Program Files/Unity/Hub/Editor/2021.3.23f1c1/Editor/Data/PlaybackEngines/AndroidPlayer/UnityEditor.Android.Extensions.dll
Register platform support module: C:/Program Files/Unity/Hub/Editor/2021.3.23f1c1/Editor/Data/PlaybackEngines/iOSSupport/UnityEditor.iOS.Extensions.dll
Register platform support module: C:/Program Files/Unity/Hub/Editor/2021.3.23f1c1/Editor/Data/PlaybackEngines/WindowsStandaloneSupport/UnityEditor.WindowsStandalone.Extensions.dll
Registered in 0.006663 seconds.
Native extension for WindowsStandalone target not found
[usbmuxd] Start listen thread
[usbmuxd] Listen thread started
[usbmuxd] Send listen message
Native extension for iOS target not found
Native extension for Android target not found
Android Extension - Scanning For ADB Devices 172 ms
Native extension for WebGL target not found
Refreshing native plugins compatible for Editor in 58.62 ms, found 3 plugins.
Preloading 0 native plugins for Editor in 0.00 ms.
Mono: successfully reloaded assembly
- Completed reload, in  0.760 seconds
Domain Reload Profiling:
	ReloadAssembly (760ms)
		BeginReloadAssembly (131ms)
			ExecutionOrderSort (0ms)
			DisableScriptedObjects (0ms)
			BackupInstance (0ms)
			ReleaseScriptingObjects (0ms)
			CreateAndSetChildDomain (1ms)
		EndReloadAssembly (546ms)
			LoadAssemblies (127ms)
			RebuildTransferFunctionScriptingTraits (0ms)
			SetupTypeCache (86ms)
			ReleaseScriptCaches (0ms)
			RebuildScriptCaches (28ms)
			SetupLoadedEditorAssemblies (389ms)
				LogAssemblyErrors (0ms)
				InitializePlatformSupportModulesInManaged (229ms)
				SetLoadedEditorAssemblies (0ms)
				RefreshPlugins (59ms)
				BeforeProcessingInitializeOnLoad (1ms)
				ProcessInitializeOnLoadAttributes (67ms)
				ProcessInitializeOnLoadMethodAttributes (34ms)
				AfterProcessingInitializeOnLoad (0ms)
				EditorAssembliesLoaded (0ms)
			ExecutionOrderSort2 (0ms)
			AwakeInstancesAfterBackupRestoration (0ms)
Platform modules already initialized, skipping
Registering precompiled user dll's ...
Registered in 0.008616 seconds.
Begin MonoManager ReloadAssembly
Symbol file LoadedFromMemory doesn't match image C:\Users\Chris\unity\My project\Library\PackageCache\com.unity.visualscripting@1.8.0\Editor\VisualScripting.Core\Dependencies\YamlDotNet\Unity.VisualScripting.YamlDotNet.dll
Symbol file LoadedFromMemory doesn't match image C:\Users\Chris\unity\My project\Library\PackageCache\com.unity.visualscripting@1.8.0\Editor\VisualScripting.Core\Dependencies\DotNetZip\Unity.VisualScripting.IonicZip.dll
Native extension for WindowsStandalone target not found
Native extension for iOS target not found
Native extension for Android target not found
Native extension for WebGL target not found
Refreshing native plugins compatible for Editor in 0.39 ms, found 3 plugins.
Preloading 0 native plugins for Editor in 0.00 ms.
Mono: successfully reloaded assembly
- Completed reload, in  0.714 seconds
Domain Reload Profiling:
	ReloadAssembly (715ms)
		BeginReloadAssembly (84ms)
			ExecutionOrderSort (0ms)
			DisableScriptedObjects (3ms)
			BackupInstance (0ms)
			ReleaseScriptingObjects (0ms)
			CreateAndSetChildDomain (16ms)
		EndReloadAssembly (554ms)
			LoadAssemblies (67ms)
			RebuildTransferFunctionScriptingTraits (0ms)
			SetupTypeCache (190ms)
			ReleaseScriptCaches (0ms)
			RebuildScriptCaches (34ms)
			SetupLoadedEditorAssemblies (232ms)
				LogAssemblyErrors (0ms)
				InitializePlatformSupportModulesInManaged (21ms)
				SetLoadedEditorAssemblies (0ms)
				RefreshPlugins (0ms)
				BeforeProcessingInitializeOnLoad (54ms)
				ProcessInitializeOnLoadAttributes (134ms)
				ProcessInitializeOnLoadMethodAttributes (13ms)
				AfterProcessingInitializeOnLoad (10ms)
				EditorAssembliesLoaded (0ms)
			ExecutionOrderSort2 (0ms)
			AwakeInstancesAfterBackupRestoration (6ms)
Platform modules already initialized, skipping
========================================================================
Worker process is ready to serve import requests
Launched and connected shader compiler UnityShaderCompiler.exe after 0.05 seconds
Refreshing native plugins compatible for Editor in 0.42 ms, found 3 plugins.
Preloading 0 native plugins for Editor in 0.00 ms.
Unloading 3050 Unused Serialized files (Serialized files now loaded: 0)
Unloading 24 unused Assets / (113.4 KB). Loaded Objects now: 3532.
Memory consumption went from 125.7 MB to 125.6 MB.
Total: 3.374800 ms (FindLiveObjects: 0.237400 ms CreateObjectMapping: 0.111400 ms MarkObjects: 2.927800 ms  DeleteObjects: 0.097400 ms)

AssetImportParameters requested are different than current active one (requested -> active):
  custom:video-decoder-ogg-theora: a1e56fd34408186e4bbccfd4996cb3dc -> 
  custom:container-muxer-webm: aa71ff27fc2769a1b78a27578f13a17b -> 
  custom:container-demuxer-webm: 4f35f7cbe854078d1ac9338744f61a02 -> 
  custom:video-encoder-webm-vp8: eb34c28f22e8b96e1ab97ce403110664 -> 
  custom:video-codec-MediaFoundation-h265: 746d11721c4dcdbdad8f713fa42b33f4 -> 
  custom:audio-encoder-webm-vorbis: bf7c407c2cedff20999df2af8eb42d56 -> 
  custom:framework-win-MediaFoundation: 216162199b28c13a410421893ffa2e32 -> 
  custom:container-demuxer-ogg: 62fdf1f143b41e24485cea50d1cbac27 -> 
  custom:video-decoder-webm-vp8: 9c59270c3fd7afecdb556c50c9e8de78 -> 
  custom:audio-decoder-ogg-vorbis: bf7c407c2cedff20999df2af8eb42d56 -> 
========================================================================
Received Import Request.
  Time since last request: 104327.656520 seconds.
  path: Assets/Materials/try_build_001.mat
  artifactKey: Guid(aaf34982ca2863442bf9bae1f0fb68fb) Importer(815301076,1909f56bfc062723c751e8b465ee728b)
Start importing Assets/Materials/try_build_001.mat using Guid(aaf34982ca2863442bf9bae1f0fb68fb) Importer(815301076,1909f56bfc062723c751e8b465ee728b)  -> (artifact id: '9054010773de1698d8b71fd387b14fc7') in 0.099005 seconds 
========================================================================
Received Import Request.
  Time since last request: 0.003456 seconds.
  path: Assets/Materials/ca_pf_ez001.mat
  artifactKey: Guid(d44f4459f7f5e2a43b26cc993623dd1d) Importer(815301076,1909f56bfc062723c751e8b465ee728b)
Start importing Assets/Materials/ca_pf_ez001.mat using Guid(d44f4459f7f5e2a43b26cc993623dd1d) Importer(815301076,1909f56bfc062723c751e8b465ee728b)  -> (artifact id: '508bce465ef4a8175dc3a1bbe0b73765') in 0.016460 seconds 
========================================================================
Received Import Request.
  Time since last request: 0.000029 seconds.
  path: Assets/Materials/ca_lwb_yyw001.mat
  artifactKey: Guid(fd842f05bfd93fc4bad1a92e9e43b792) Importer(815301076,1909f56bfc062723c751e8b465ee728b)
Start importing Assets/Materials/ca_lwb_yyw001.mat using Guid(fd842f05bfd93fc4bad1a92e9e43b792) Importer(815301076,1909f56bfc062723c751e8b465ee728b)  -> (artifact id: '4f4abd5029b96a24c12101dbc3cd179c') in 0.008018 seconds 
========================================================================
Received Import Request.
  Time since last request: 0.000019 seconds.
  path: Assets/Materials/7f138af99504009604d3cb2ca1bfb0a.mat
  artifactKey: Guid(067be03c1b27e4644a615f3ebd352f76) Importer(815301076,1909f56bfc062723c751e8b465ee728b)
Start importing Assets/Materials/7f138af99504009604d3cb2ca1bfb0a.mat using Guid(067be03c1b27e4644a615f3ebd352f76) Importer(815301076,1909f56bfc062723c751e8b465ee728b)  -> (artifact id: '95ec10f99da7b2b0533a5f4a45aca7ce') in 0.010193 seconds 
========================================================================
Received Import Request.
  Time since last request: 0.000024 seconds.
  path: Assets/Materials/苇席02_同仁堂.mat
  artifactKey: Guid(761f7a7b1bf6b5c428105ef46214b74b) Importer(815301076,1909f56bfc062723c751e8b465ee728b)
Start importing Assets/Materials/苇席02_同仁堂.mat using Guid(761f7a7b1bf6b5c428105ef46214b74b) Importer(815301076,1909f56bfc062723c751e8b465ee728b)  -> (artifact id: '911d108231e831138f61882e2459a672') in 0.008382 seconds 
========================================================================
Received Import Request.
  Time since last request: 0.000024 seconds.
  path: Assets/Materials/ca_build044_hhy03.mat
  artifactKey: Guid(1b17c923ed7519f478f5c1b7ff478747) Importer(815301076,1909f56bfc062723c751e8b465ee728b)
Start importing Assets/Materials/ca_build044_hhy03.mat using Guid(1b17c923ed7519f478f5c1b7ff478747) Importer(815301076,1909f56bfc062723c751e8b465ee728b)  -> (artifact id: 'd4ac04f0fbc507e1eb2b2387eea98fff') in 0.007717 seconds 
========================================================================
Received Import Request.
  Time since last request: 0.000024 seconds.
  path: Assets/Materials/ca_jd_jiang004.mat
  artifactKey: Guid(1792dedc6c6103c41b974ea153d42f2a) Importer(815301076,1909f56bfc062723c751e8b465ee728b)
Start importing Assets/Materials/ca_jd_jiang004.mat using Guid(1792dedc6c6103c41b974ea153d42f2a) Importer(815301076,1909f56bfc062723c751e8b465ee728b)  -> (artifact id: '481c9720cd4c4432765cab895b696055') in 0.008545 seconds 
========================================================================
Received Import Request.
  Time since last request: 0.000030 seconds.
  path: Assets/Materials/LDM_zhuan01_d.mat
  artifactKey: Guid(42850480f568a2a4391b9d3b9bb88d30) Importer(815301076,1909f56bfc062723c751e8b465ee728b)
Start importing Assets/Materials/LDM_zhuan01_d.mat using Guid(42850480f568a2a4391b9d3b9bb88d30) Importer(815301076,1909f56bfc062723c751e8b465ee728b)  -> (artifact id: '6b9f478693b5cd27d910d760531c9d12') in 0.009735 seconds 
========================================================================
Received Import Request.
  Time since last request: 0.000037 seconds.
  path: Assets/Materials/ca_lh_feng006.mat
  artifactKey: Guid(04da6f7fea6a78e459519a1f34b86727) Importer(815301076,1909f56bfc062723c751e8b465ee728b)
Start importing Assets/Materials/ca_lh_feng006.mat using Guid(04da6f7fea6a78e459519a1f34b86727) Importer(815301076,1909f56bfc062723c751e8b465ee728b)  -> (artifact id: '9372a5093273d40c342c1c4ed573f9b4') in 0.012848 seconds 
Editor requested this worker to shutdown with reason: Scaling down because of idle timeout
AssetImportWorkerClient::OnTransportError - code=2 error=End of file
AssetImportWorker is now disconnected from the server
Process exiting
Exiting without the bug reporter. Application will terminate with return code 0